2024-12-15T20:44:29.276-05:00  INFO 37704 --- [restartedMain] com.example.loggingdemo.Application      : Starting Application using Java 17.0.1 with PID 37704 (C:\Users\shrav\Desktop\Intellij_WS\greeting-app\target\classes started by Naveen in C:\Users\shrav\Desktop\Intellij_WS\greeting-app)
2024-12-15T20:44:29.280-05:00 DEBUG 37704 --- [restartedMain] com.example.loggingdemo.Application      : Running with Spring Boot v3.4.0, Spring v6.2.0
2024-12-15T20:44:29.284-05:00  INFO 37704 --- [restartedMain] com.example.loggingdemo.Application      : No active profile set, falling back to 1 default profile: "default"
2024-12-15T20:44:29.399-05:00  INFO 37704 --- [restartedMain] .e.DevToolsPropertyDefaultsPostProcessor : Devtools property defaults active! Set 'spring.devtools.add-properties' to 'false' to disable
2024-12-15T20:44:29.399-05:00  INFO 37704 --- [restartedMain] .e.DevToolsPropertyDefaultsPostProcessor : For additional web related logging consider setting the 'logging.level.web' property to 'DEBUG'
2024-12-15T20:44:31.077-05:00  INFO 37704 --- [restartedMain] o.s.b.w.embedded.tomcat.TomcatWebServer  : Tomcat initialized with port 8080 (http)
2024-12-15T20:44:31.102-05:00  INFO 37704 --- [restartedMain] o.apache.catalina.core.StandardService   : Starting service [Tomcat]
2024-12-15T20:44:31.103-05:00  INFO 37704 --- [restartedMain] o.apache.catalina.core.StandardEngine    : Starting Servlet engine: [Apache Tomcat/10.1.33]
2024-12-15T20:44:31.201-05:00  INFO 37704 --- [restartedMain] o.a.c.c.C.[Tomcat].[localhost].[/]       : Initializing Spring embedded WebApplicationContext
2024-12-15T20:44:31.203-05:00  INFO 37704 --- [restartedMain] w.s.c.ServletWebServerApplicationContext : Root WebApplicationContext: initialization completed in 1800 ms
2024-12-15T20:44:31.771-05:00  INFO 37704 --- [restartedMain] o.s.b.d.a.OptionalLiveReloadServer       : LiveReload server is running on port 35729
2024-12-15T20:44:31.830-05:00  INFO 37704 --- [restartedMain] o.s.b.w.embedded.tomcat.TomcatWebServer  : Tomcat started on port 8080 (http) with context path '/'
2024-12-15T20:44:31.852-05:00  INFO 37704 --- [restartedMain] com.example.loggingdemo.Application      : Started Application in 3.43 seconds (process running for 4.155)
2024-12-15T20:46:20.514-05:00  INFO 37704 --- [SpringApplicationShutdownHook] o.s.b.w.e.tomcat.GracefulShutdown        : Commencing graceful shutdown. Waiting for active requests to complete
2024-12-15T20:46:20.606-05:00  INFO 37704 --- [tomcat-shutdown] o.s.b.w.e.tomcat.GracefulShutdown        : Graceful shutdown complete
2024-12-15 20:46:31 [restartedMain] INFO  com.example.loggingdemo.Application - Starting Application using Java 17.0.1 with PID 57280 (C:\Users\shrav\Desktop\Intellij_WS\greeting-app\target\classes started by Naveen in C:\Users\shrav\Desktop\Intellij_WS\greeting-app)
2024-12-15 20:46:31 [restartedMain] DEBUG com.example.loggingdemo.Application - Running with Spring Boot v3.4.0, Spring v6.2.0
2024-12-15 20:46:31 [restartedMain] INFO  com.example.loggingdemo.Application - No active profile set, falling back to 1 default profile: "default"
2024-12-15 20:46:31 [restartedMain] INFO  o.s.b.d.e.DevToolsPropertyDefaultsPostProcessor - Devtools property defaults active! Set 'spring.devtools.add-properties' to 'false' to disable
2024-12-15 20:46:31 [restartedMain] INFO  o.s.b.d.e.DevToolsPropertyDefaultsPostProcessor - For additional web related logging consider setting the 'logging.level.web' property to 'DEBUG'
2024-12-15 20:46:33 [restartedMain] INFO  o.s.b.w.e.tomcat.TomcatWebServer - Tomcat initialized with port 8080 (http)
2024-12-15 20:46:33 [restartedMain] INFO  o.a.catalina.core.StandardService - Starting service [Tomcat]
2024-12-15 20:46:33 [restartedMain] INFO  o.a.catalina.core.StandardEngine - Starting Servlet engine: [Apache Tomcat/10.1.33]
2024-12-15 20:46:33 [restartedMain] INFO  o.a.c.c.C.[Tomcat].[localhost].[/] - Initializing Spring embedded WebApplicationContext
2024-12-15 20:46:33 [restartedMain] INFO  o.s.b.w.s.c.ServletWebServerApplicationContext - Root WebApplicationContext: initialization completed in 1941 ms
2024-12-15 20:46:34 [restartedMain] INFO  o.s.b.d.a.OptionalLiveReloadServer - LiveReload server is running on port 35729
2024-12-15 20:46:34 [restartedMain] INFO  o.s.b.w.e.tomcat.TomcatWebServer - Tomcat started on port 8080 (http) with context path '/'
2024-12-15 20:46:34 [restartedMain] INFO  com.example.loggingdemo.Application - Started Application in 3.776 seconds (process running for 4.505)
2024-12-15 20:46:39 [http-nio-8080-exec-1] INFO  o.a.c.c.C.[Tomcat].[localhost].[/] - Initializing Spring DispatcherServlet 'dispatcherServlet'
2024-12-15 20:46:39 [http-nio-8080-exec-1] INFO  o.s.web.servlet.DispatcherServlet - Initializing Servlet 'dispatcherServlet'
2024-12-15 20:46:39 [http-nio-8080-exec-1] INFO  o.s.web.servlet.DispatcherServlet - Completed initialization in 2 ms
2024-12-15 20:46:39 [http-nio-8080-exec-1] INFO  c.e.loggingdemo.LoggingController - INFO: sayHello() method called
2024-12-15 20:46:39 [http-nio-8080-exec-1] DEBUG c.e.loggingdemo.LoggingController - DEBUG: Preparing to return Hello message
2024-12-15 20:46:39 [http-nio-8080-exec-1] ERROR c.e.loggingdemo.LoggingController - ERROR: Simulating an error message
2024-12-15 20:47:03 [SpringApplicationShutdownHook] INFO  o.s.b.w.e.tomcat.GracefulShutdown - Commencing graceful shutdown. Waiting for active requests to complete
2024-12-15 20:47:03 [tomcat-shutdown] INFO  o.s.b.w.e.tomcat.GracefulShutdown - Graceful shutdown complete
