2025-03-04 21:57:10 [SpringApplicationShutdownHook] INFO  o.s.b.w.e.tomcat.GracefulShutdown - Commencing graceful shutdown. Waiting for active requests to complete
2025-03-04 21:57:10 [tomcat-shutdown] INFO  o.s.b.w.e.tomcat.GracefulShutdown - Graceful shutdown complete
2025-03-04 21:57:17 [restartedMain] INFO  com.example.weather.DemoApplication - Starting DemoApplication using Java 17.0.12 with PID 8344 (C:\Users\navee\OneDrive\Desktop\Intellij_WS\greeting-app\target\classes started by navee in C:\Users\navee\OneDrive\Desktop\Intellij_WS\greeting-app)
2025-03-04 21:57:17 [restartedMain] DEBUG com.example.weather.DemoApplication - Running with Spring Boot v3.4.1, Spring v6.2.1
2025-03-04 21:57:17 [restartedMain] INFO  com.example.weather.DemoApplication - No active profile set, falling back to 1 default profile: "default"
2025-03-04 21:57:17 [restartedMain] INFO  o.s.b.d.e.DevToolsPropertyDefaultsPostProcessor - Devtools property defaults active! Set 'spring.devtools.add-properties' to 'false' to disable
2025-03-04 21:57:17 [restartedMain] INFO  o.s.b.d.e.DevToolsPropertyDefaultsPostProcessor - For additional web related logging consider setting the 'logging.level.web' property to 'DEBUG'
2025-03-04 21:57:18 [restartedMain] INFO  o.s.b.w.e.tomcat.TomcatWebServer - Tomcat initialized with port 8080 (http)
2025-03-04 21:57:18 [restartedMain] INFO  o.a.catalina.core.StandardService - Starting service [Tomcat]
2025-03-04 21:57:18 [restartedMain] INFO  o.a.catalina.core.StandardEngine - Starting Servlet engine: [Apache Tomcat/10.1.34]
2025-03-04 21:57:18 [restartedMain] INFO  o.a.c.c.C.[Tomcat].[localhost].[/] - Initializing Spring embedded WebApplicationContext
2025-03-04 21:57:18 [restartedMain] INFO  o.s.b.w.s.c.ServletWebServerApplicationContext - Root WebApplicationContext: initialization completed in 981 ms
2025-03-04 21:57:19 [restartedMain] INFO  o.s.b.d.a.OptionalLiveReloadServer - LiveReload server is running on port 35729
2025-03-04 21:57:19 [restartedMain] INFO  o.s.b.w.e.tomcat.TomcatWebServer - Tomcat started on port 8080 (http) with context path '/'
2025-03-04 21:57:19 [restartedMain] INFO  com.example.weather.DemoApplication - Started DemoApplication in 1.888 seconds (process running for 2.268)
2025-03-04 22:06:12 [SpringApplicationShutdownHook] INFO  o.s.b.w.e.tomcat.GracefulShutdown - Commencing graceful shutdown. Waiting for active requests to complete
2025-03-04 22:06:12 [tomcat-shutdown] INFO  o.s.b.w.e.tomcat.GracefulShutdown - Graceful shutdown complete
2025-03-04 22:16:46 [restartedMain] INFO  com.example.weather.DemoApplication - Starting DemoApplication using Java 17.0.12 with PID 25404 (C:\Users\navee\OneDrive\Desktop\Intellij_WS\greeting-app\target\classes started by navee in C:\Users\navee\OneDrive\Desktop\Intellij_WS\greeting-app)
2025-03-04 22:16:46 [restartedMain] DEBUG com.example.weather.DemoApplication - Running with Spring Boot v3.4.1, Spring v6.2.1
2025-03-04 22:16:46 [restartedMain] INFO  com.example.weather.DemoApplication - No active profile set, falling back to 1 default profile: "default"
2025-03-04 22:16:46 [restartedMain] INFO  o.s.b.d.e.DevToolsPropertyDefaultsPostProcessor - Devtools property defaults active! Set 'spring.devtools.add-properties' to 'false' to disable
2025-03-04 22:16:46 [restartedMain] INFO  o.s.b.d.e.DevToolsPropertyDefaultsPostProcessor - For additional web related logging consider setting the 'logging.level.web' property to 'DEBUG'
2025-03-04 22:16:47 [restartedMain] INFO  o.s.b.w.e.tomcat.TomcatWebServer - Tomcat initialized with port 8080 (http)
2025-03-04 22:16:47 [restartedMain] INFO  o.a.catalina.core.StandardService - Starting service [Tomcat]
2025-03-04 22:16:47 [restartedMain] INFO  o.a.catalina.core.StandardEngine - Starting Servlet engine: [Apache Tomcat/10.1.34]
2025-03-04 22:16:47 [restartedMain] INFO  o.a.c.c.C.[Tomcat].[localhost].[/] - Initializing Spring embedded WebApplicationContext
2025-03-04 22:16:47 [restartedMain] INFO  o.s.b.w.s.c.ServletWebServerApplicationContext - Root WebApplicationContext: initialization completed in 1098 ms
2025-03-04 22:16:48 [restartedMain] INFO  o.s.b.d.a.OptionalLiveReloadServer - LiveReload server is running on port 35729
2025-03-04 22:16:48 [restartedMain] INFO  o.s.b.w.e.tomcat.TomcatWebServer - Tomcat started on port 8080 (http) with context path '/'
2025-03-04 22:16:48 [restartedMain] INFO  com.example.weather.DemoApplication - Started DemoApplication in 2.054 seconds (process running for 2.575)
2025-03-04 22:20:48 [http-nio-8080-exec-2] INFO  o.a.c.c.C.[Tomcat].[localhost].[/] - Initializing Spring DispatcherServlet 'dispatcherServlet'
2025-03-04 22:20:48 [http-nio-8080-exec-2] INFO  o.s.web.servlet.DispatcherServlet - Initializing Servlet 'dispatcherServlet'
2025-03-04 22:20:48 [http-nio-8080-exec-2] INFO  o.s.web.servlet.DispatcherServlet - Completed initialization in 2 ms
2025-03-04 22:20:48 [http-nio-8080-exec-2] INFO  c.e.weather.service.WeatherService - Fetching weather data for city: London
2025-03-04 22:20:48 [http-nio-8080-exec-2] INFO  c.e.w.config.RestTemplateConfig - Request: GET https://api.openweathermap.org/data/2.5/weather?q=London&appid=9e4c9d83b2c0c789e088b7481fc55cd3&units=metric
2025-03-04 22:20:48 [http-nio-8080-exec-2] INFO  c.e.w.config.RestTemplateConfig - Response Status: 200 OK
2025-03-04 22:21:04 [http-nio-8080-exec-3] INFO  c.e.weather.service.WeatherService - Fetching weather data for city: London
2025-03-04 22:21:04 [http-nio-8080-exec-3] INFO  c.e.w.config.RestTemplateConfig - Request: GET https://api.openweathermap.org/data/2.5/weather?q=London&appid=9e4c9d83b2c0c789e088b7481fc55cd3&units=metric
2025-03-04 22:21:04 [http-nio-8080-exec-3] INFO  c.e.w.config.RestTemplateConfig - Response Status: 200 OK
2025-03-04 22:21:32 [http-nio-8080-exec-9] INFO  c.e.weather.service.WeatherService - Fetching weather data for city: New York
2025-03-04 22:21:32 [http-nio-8080-exec-9] INFO  c.e.w.config.RestTemplateConfig - Request: GET https://api.openweathermap.org/data/2.5/weather?q=New%20York&appid=9e4c9d83b2c0c789e088b7481fc55cd3&units=metric
2025-03-04 22:21:33 [http-nio-8080-exec-9] INFO  c.e.w.config.RestTemplateConfig - Response Status: 200 OK
2025-03-04 22:22:19 [http-nio-8080-exec-5] INFO  c.e.weather.service.WeatherService - Fetching weather data for city: New York
2025-03-04 22:22:19 [http-nio-8080-exec-5] INFO  c.e.w.config.RestTemplateConfig - Request: GET https://api.openweathermap.org/data/2.5/weather?q=New%20York&appid=9e4c9d83b2c0c789e088b7481fc55cd3&units=metric
2025-03-04 22:22:19 [http-nio-8080-exec-5] INFO  c.e.w.config.RestTemplateConfig - Response Status: 200 OK
2025-03-04 22:22:23 [http-nio-8080-exec-6] INFO  c.e.weather.service.WeatherService - Fetching weather data for city: New Yor
2025-03-04 22:22:23 [http-nio-8080-exec-6] INFO  c.e.w.config.RestTemplateConfig - Request: GET https://api.openweathermap.org/data/2.5/weather?q=New%20Yor&appid=9e4c9d83b2c0c789e088b7481fc55cd3&units=metric
2025-03-04 22:22:23 [http-nio-8080-exec-6] INFO  c.e.w.config.RestTemplateConfig - Response Status: 404 NOT_FOUND
2025-03-04 22:22:23 [http-nio-8080-exec-6] ERROR c.e.weather.service.WeatherService - Error fetching weather data: 404 Not Found on GET request for "https://api.openweathermap.org/data/2.5/weather": "{"cod":"404","message":"city not found"}"
2025-03-04 22:22:31 [http-nio-8080-exec-7] INFO  c.e.weather.service.WeatherService - Fetching weather data for city: abcccc
2025-03-04 22:22:31 [http-nio-8080-exec-7] INFO  c.e.w.config.RestTemplateConfig - Request: GET https://api.openweathermap.org/data/2.5/weather?q=abcccc&appid=9e4c9d83b2c0c789e088b7481fc55cd3&units=metric
2025-03-04 22:22:32 [http-nio-8080-exec-7] INFO  c.e.w.config.RestTemplateConfig - Response Status: 404 NOT_FOUND
2025-03-04 22:22:32 [http-nio-8080-exec-7] ERROR c.e.weather.service.WeatherService - Error fetching weather data: 404 Not Found on GET request for "https://api.openweathermap.org/data/2.5/weather": "{"cod":"404","message":"city not found"}"
2025-03-04 22:22:41 [http-nio-8080-exec-8] INFO  c.e.weather.service.WeatherService - Fetching weather data for city: Houston
2025-03-04 22:22:41 [http-nio-8080-exec-8] INFO  c.e.w.config.RestTemplateConfig - Request: GET https://api.openweathermap.org/data/2.5/weather?q=Houston&appid=9e4c9d83b2c0c789e088b7481fc55cd3&units=metric
2025-03-04 22:22:41 [http-nio-8080-exec-8] INFO  c.e.w.config.RestTemplateConfig - Response Status: 200 OK
